<?xml version="1.0" encoding="UTF-8"?>
<!-- Generated by org.testng.reporters.JUnitXMLReporter -->
<testsuite hostname="DESKTOP-LCT1QCQ" ignored="0" name="Default test" tests="9" failures="1" timestamp="03 Mar 2022 13:08:59 GMT" time="9.065" errors="0">
  <testcase name="test3" time="1.548" classname="org.assertsoftn.NewCls">
    <failure type="java.lang.AssertionError" message="The following asserts failed:
	verify Fb url expected [true] but found [false]">
      <![CDATA[java.lang.AssertionError: The following asserts failed:
verify Fb url expected [true] but found [false]
at org.testng.asserts.SoftAssert.assertAll(SoftAssert.java:43)
at org.assertsoftn.NewCls.test3(NewCls.java:58)
at sun.reflect.NativeMethodAccessorImpl.invoke0(Native Method)
at sun.reflect.NativeMethodAccessorImpl.invoke(Unknown Source)
at sun.reflect.DelegatingMethodAccessorImpl.invoke(Unknown Source)
at java.lang.reflect.Method.invoke(Unknown Source)
at org.testng.internal.MethodInvocationHelper.invokeMethod(MethodInvocationHelper.java:124)
at org.testng.internal.Invoker.invokeMethod(Invoker.java:583)
at org.testng.internal.Invoker.invokeTestMethod(Invoker.java:719)
at org.testng.internal.Invoker.invokeTestMethods(Invoker.java:989)
at org.testng.internal.TestMethodWorker.invokeTestMethods(TestMethodWorker.java:125)
at org.testng.internal.TestMethodWorker.run(TestMethodWorker.java:109)
at org.testng.TestRunner.privateRun(TestRunner.java:648)
at org.testng.TestRunner.run(TestRunner.java:505)
at org.testng.SuiteRunner.runTest(SuiteRunner.java:455)
at org.testng.SuiteRunner.runSequentially(SuiteRunner.java:450)
at org.testng.SuiteRunner.privateRun(SuiteRunner.java:415)
at org.testng.SuiteRunner.run(SuiteRunner.java:364)
at org.testng.SuiteRunnerWorker.runSuite(SuiteRunnerWorker.java:52)
at org.testng.SuiteRunnerWorker.run(SuiteRunnerWorker.java:84)
at org.testng.TestNG.runSuitesSequentially(TestNG.java:1208)
at org.testng.TestNG.runSuitesLocally(TestNG.java:1137)
at org.testng.TestNG.runSuites(TestNG.java:1049)
at org.testng.TestNG.run(TestNG.java:1017)
at org.testng.remote.AbstractRemoteTestNG.run(AbstractRemoteTestNG.java:115)
at org.testng.remote.RemoteTestNG.initAndRun(RemoteTestNG.java:251)
at org.testng.remote.RemoteTestNG.main(RemoteTestNG.java:77)
]]>
    </failure>
  </testcase> <!-- test3 -->
  <testcase name="test1" time="3.351" classname="org.assertsoftn.NewCls"/>
  <testcase name="test1" time="0.367" classname="org.assertsoftn.NewCls"/>
  <testcase name="test1" time="0.368" classname="org.assertsoftn.NewCls"/>
  <testcase name="test2" time="0.001" classname="org.assertsoftn.NewCls"/>
  <testcase name="test2" time="0.001" classname="org.assertsoftn.NewCls"/>
  <testcase name="test2" time="0.002" classname="org.assertsoftn.NewCls"/>
  <testcase name="test2" time="0.0" classname="org.assertsoftn.NewCls"/>
  <testcase name="test2" time="0.001" classname="org.assertsoftn.NewCls"/>
</testsuite> <!-- Default test -->
