<?xml version="1.0" encoding="UTF-8"?>
<!-- Generated by org.testng.reporters.JUnitXMLReporter -->
<testsuite hostname="DESKTOP-LCT1QCQ" ignored="1" name="Test" tests="7" failures="1" timestamp="03 Mar 2022 13:12:48 GMT" time="0.065" errors="0">
  <testcase name="testA1" time="0.01" classname="org.assertsoftn.A">
    <failure type="java.lang.AssertionError" message="expected [true] but found [false]">
      <![CDATA[java.lang.AssertionError: expected [true] but found [false]
at org.assertsoftn.A.testA1(A.java:9)
... Removed 29 stack frames]]>
    </failure>
  </testcase> <!-- testA1 -->
  <testcase name="testA2" time="0.001" classname="org.assertsoftn.A"/>
  <testcase name="testA3" time="0.001" classname="org.assertsoftn.A"/>
  <testcase name="testB2" time="0.002" classname="org.assertsoftn.B"/>
  <testcase name="testB3" time="0.001" classname="org.assertsoftn.B"/>
  <testcase name="testC2" time="0.001" classname="org.assertsoftn.C"/>
  <testcase name="testC3" time="0.003" classname="org.assertsoftn.C"/>
  <testcase name="testC1" time="0.0" classname="org.assertsoftn.C">
    <ignored/>
  </testcase> <!-- testC1 -->
</testsuite> <!-- Test -->
